Determining if the pthread_create exist failed with the following output:
Change Dir: /home/fabio/workspace/Sandeep/Parking/build/CMakeFiles/CMakeTmp

Run Build Command:"/usr/bin/make" "cmTC_ebf1a/fast"
/usr/bin/make -f CMakeFiles/cmTC_ebf1a.dir/build.make CMakeFiles/cmTC_ebf1a.dir/build
make[1]: Entering directory `/home/fabio/workspace/Sandeep/Parking/build/CMakeFiles/CMakeTmp'
Building C object CMakeFiles/cmTC_ebf1a.dir/CheckSymbolExists.c.o
/usr/bin/cc    -o CMakeFiles/cmTC_ebf1a.dir/CheckSymbolExists.c.o   -c /home/fabio/workspace/Sandeep/Parking/build/CMakeFiles/CMakeTmp/CheckSymbolExists.c
Linking C executable cmTC_ebf1a
/usr/local/bin/cmake -E cmake_link_script CMakeFiles/cmTC_ebf1a.dir/link.txt --verbose=1
/usr/bin/cc      CMakeFiles/cmTC_ebf1a.dir/CheckSymbolExists.c.o  -o cmTC_ebf1a 
CMakeFiles/cmTC_ebf1a.dir/CheckSymbolExists.c.o: In function `main':
CheckSymbolExists.c:(.text+0x16): undefined reference to `pthread_create'
collect2: error: ld returned 1 exit status
make[1]: *** [cmTC_ebf1a] Error 1
make[1]: Leaving directory `/home/fabio/workspace/Sandeep/Parking/build/CMakeFiles/CMakeTmp'
make: *** [cmTC_ebf1a/fast] Error 2

File /home/fabio/workspace/Sandeep/Parking/build/CMakeFiles/CMakeTmp/CheckSymbolExists.c:
/* */
#include <pthread.h>

int main(int argc, char** argv)
{
  (void)argv;
#ifndef pthread_create
  return ((int*)(&pthread_create))[argc];
#else
  (void)argc;
  return 0;
#endif
}

Determining if the function pthread_create exists in the pthreads failed with the following output:
Change Dir: /home/fabio/workspace/Sandeep/Parking/build/CMakeFiles/CMakeTmp

Run Build Command:"/usr/bin/make" "cmTC_72abd/fast"
/usr/bin/make -f CMakeFiles/cmTC_72abd.dir/build.make CMakeFiles/cmTC_72abd.dir/build
make[1]: Entering directory `/home/fabio/workspace/Sandeep/Parking/build/CMakeFiles/CMakeTmp'
Building C object CMakeFiles/cmTC_72abd.dir/CheckFunctionExists.c.o
/usr/bin/cc   -DCHECK_FUNCTION_EXISTS=pthread_create   -o CMakeFiles/cmTC_72abd.dir/CheckFunctionExists.c.o   -c /usr/local/share/cmake-3.9/Modules/CheckFunctionExists.c
Linking C executable cmTC_72abd
/usr/local/bin/cmake -E cmake_link_script CMakeFiles/cmTC_72abd.dir/link.txt --verbose=1
/usr/bin/cc  -DCHECK_FUNCTION_EXISTS=pthread_create    CMakeFiles/cmTC_72abd.dir/CheckFunctionExists.c.o  -o cmTC_72abd -lpthreads 
/usr/bin/ld: cannot find -lpthreads
collect2: error: ld returned 1 exit status
make[1]: *** [cmTC_72abd] Error 1
make[1]: Leaving directory `/home/fabio/workspace/Sandeep/Parking/build/CMakeFiles/CMakeTmp'
make: *** [cmTC_72abd/fast] Error 2


